<?xml version="1.0" encoding="utf-8"?>
<android.support.constraint.ConstraintLayout
    xmlns:android="http://schemas.android.com/apk/res/android"
    xmlns:app="http://schemas.android.com/apk/res-auto"
    xmlns:tools="http://schemas.android.com/tools"
    android:orientation="vertical"
    android:layout_width="fill_parent"
    android:layout_height="fill_parent">

    <TextView
        android:id="@+id/results"
        android:layout_width="wrap_content"
        android:layout_height="wrap_content"
        android:text="Test Results:"
        android:textColor="@android:color/black"
        android:textSize="36sp"
        android:layout_alignParentTop="true"
        android:layout_centerHorizontal="true"
        app:layout_constraintLeft_toLeftOf="parent"
        app:layout_constraintRight_toRightOf="parent"
        app:layout_constraintTop_toTopOf="@+id/horGuideline1" />

    <TextView
        android:id="@+id/scoreDisplay"
        android:layout_width="wrap_content"
        android:layout_height="wrap_content"
        android:layout_alignParentLeft="true"
        android:layout_alignParentStart="true"
        android:layout_below="@+id/results"
        android:layout_centerHorizontal="true"
        android:textColor="@android:color/black"
        android:textSize="90sp"
        app:layout_constraintLeft_toLeftOf="parent"
        app:layout_constraintRight_toRightOf="parent"
        app:layout_constraintTop_toTopOf="@+id/horGuideline2" />

    <TextView
        android:id="@+id/description"
        android:layout_width="wrap_content"
        android:layout_height="wrap_content"
        android:text="TextView"
        android:textColor="@android:color/black"
        android:textSize="36sp"
        android:layout_below="@+id/scoreDisplay"
        android:layout_centerHorizontal="true"
        app:layout_constraintLeft_toLeftOf="parent"
        app:layout_constraintRight_toRightOf="parent"
        app:layout_constraintTop_toTopOf="@+id/horGuideline3" />

    <Button
        android:id="@+id/return_button"
        android:layout_width="wrap_content"
        android:layout_height="wrap_content"
        android:text="Home"
        android:layout_alignParentBottom="true"
        android:layout_centerHorizontal="true"
        app:layout_constraintLeft_toLeftOf="parent"
        app:layout_constraintRight_toRightOf="parent"
        app:layout_constraintTop_toTopOf="@+id/horGuideline4"
        android:layout_marginTop="-13dp"
        app:layout_constraintHorizontal_bias="0.216" />

    <Button
        android:id="@+id/export_button"
        android:layout_width="wrap_content"
        android:layout_height="wrap_content"
        android:text="Export"
        android:layout_alignParentBottom="true"
        android:layout_centerHorizontal="true"
        app:layout_constraintLeft_toLeftOf="parent"
        app:layout_constraintRight_toRightOf="parent"
        app:layout_constraintTop_toTopOf="@+id/horGuideline4"
        android:layout_marginTop="0dp"
        app:layout_constraintHorizontal_bias="0.783" />

    <android.support.constraint.Guideline
        android:id="@+id/horGuideline1"
        android:layout_width="wrap_content"
        android:layout_height="wrap_content"
        android:orientation="horizontal"
        app:layout_constraintGuide_percent="0.15" />

    <android.support.constraint.Guideline
        android:id="@+id/horGuideline2"
        android:layout_width="wrap_content"
        android:layout_height="wrap_content"
        android:orientation="horizontal"
        app:layout_constraintGuide_percent="0.35" />

    <android.support.constraint.Guideline
        android:id="@+id/horGuideline3"
        android:layout_width="wrap_content"
        android:layout_height="wrap_content"
        android:orientation="horizontal"
        app:layout_constraintGuide_percent="0.65" />

    <android.support.constraint.Guideline
        android:id="@+id/horGuideline4"
        android:layout_width="wrap_content"
        android:layout_height="wrap_content"
        android:orientation="horizontal"
        app:layout_constraintGuide_percent="0.9" />
</android.support.constraint.ConstraintLayout >